number,value,datetime_start,datetime_complete,duration,params_activation,params_alpha,params_hidden_layer_sizes,params_max_iter,state
483,0.8888888888888888,2026-07-09 14:00:39.924656,2026-07-09 14:00:40.026471,0 days 00:00:00.101815,tanh,0.0001,"(10,)",1000,COMPLETE
484,0.8888888888888888,2026-07-09 14:00:40.026471,2026-07-09 14:00:40.114550,0 days 00:00:00.088079,tanh,0.0005,"(10,)",1000,COMPLETE
485,0.8888888888888888,2026-07-09 14:00:40.114550,2026-07-09 14:00:40.224383,0 days 00:00:00.109833,tanh,0.0001,"(10,)",1000,COMPLETE
486,0.8888888888888888,2026-07-09 14:00:40.224383,2026-07-09 14:00:40.322560,0 days 00:00:00.098177,tanh,0.0001,"(10,)",1000,COMPLETE
487,0.8148148148148148,2026-07-09 14:00:40.323604,2026-07-09 14:00:40.349775,0 days 00:00:00.026171,relu,0.0001,"(10,)",200,COMPLETE
488,0.8888888888888888,2026-07-09 14:00:40.349775,2026-07-09 14:00:40.446382,0 days 00:00:00.096607,tanh,0.0001,"(10,)",1000,COMPLETE
489,0.8888888888888888,2026-07-09 14:00:40.448387,2026-07-09 14:00:40.545702,0 days 00:00:00.097315,tanh,0.0001,"(10,)",1000,COMPLETE
490,0.8888888888888888,2026-07-09 14:00:40.545702,2026-07-09 14:00:40.641727,0 days 00:00:00.096025,tanh,0.0001,"(10,)",1000,COMPLETE
491,0.8888888888888888,2026-07-09 14:00:40.641727,2026-07-09 14:00:40.741897,0 days 00:00:00.100170,tanh,0.0001,"(10,)",1000,COMPLETE
492,0.8888888888888888,2026-07-09 14:00:40.741897,2026-07-09 14:00:40.837590,0 days 00:00:00.095693,tanh,0.0001,"(10,)",1000,COMPLETE
493,0.8888888888888888,2026-07-09 14:00:40.837590,2026-07-09 14:00:40.932858,0 days 00:00:00.095268,tanh,0.0001,"(10,)",1000,COMPLETE
494,0.8148148148148148,2026-07-09 14:00:40.932858,2026-07-09 14:00:41.060121,0 days 00:00:00.127263,logistic,0.0001,"(10,)",1000,COMPLETE
495,0.8888888888888888,2026-07-09 14:00:41.060121,2026-07-09 14:00:41.153824,0 days 00:00:00.093703,tanh,0.0005,"(10,)",1000,COMPLETE
496,0.8888888888888888,2026-07-09 14:00:41.153824,2026-07-09 14:00:41.251825,0 days 00:00:00.098001,tanh,0.0001,"(10,)",1000,COMPLETE
497,0.8888888888888888,2026-07-09 14:00:41.251825,2026-07-09 14:00:41.346204,0 days 00:00:00.094379,tanh,0.0001,"(10,)",1000,COMPLETE
498,0.8148148148148148,2026-07-09 14:00:41.346204,2026-07-09 14:00:41.442342,0 days 00:00:00.096138,tanh,0.0001,"(5,)",1000,COMPLETE
499,0.8888888888888888,2026-07-09 14:00:41.442342,2026-07-09 14:00:41.538098,0 days 00:00:00.095756,tanh,0.0001,"(10,)",1000,COMPLETE
