number,value,datetime_start,datetime_complete,duration,params_algorithm,params_learning_rate,params_n_estimators,params_random_state,state
0,0.8057142857142857,2026-07-08 11:51:36.020301,2026-07-08 11:51:36.127408,0 days 00:00:00.107107,SAMME,1.0,100,42,COMPLETE
1,0.7828571428571428,2026-07-08 11:51:36.127408,2026-07-08 11:51:36.191566,0 days 00:00:00.064158,SAMME,1.0,50,42,COMPLETE
2,0.7828571428571428,2026-07-08 11:51:36.191566,2026-07-08 11:51:36.239955,0 days 00:00:00.048389,SAMME,1.0,50,42,COMPLETE
3,0.8057142857142857,2026-07-08 11:51:36.239955,2026-07-08 11:51:36.347984,0 days 00:00:00.108029,SAMME,1.0,100,42,COMPLETE
4,0.7942857142857143,2026-07-08 11:51:36.347984,2026-07-08 11:51:36.446223,0 days 00:00:00.098239,SAMME,0.8,100,42,COMPLETE
5,0.8057142857142857,2026-07-08 11:51:36.446223,2026-07-08 11:51:36.559389,0 days 00:00:00.113166,SAMME,1.0,100,42,COMPLETE
6,0.7942857142857143,2026-07-08 11:51:36.559389,2026-07-08 11:51:36.659634,0 days 00:00:00.100245,SAMME,0.8,100,42,COMPLETE
7,0.7828571428571428,2026-07-08 11:51:36.659634,2026-07-08 11:51:36.719835,0 days 00:00:00.060201,SAMME,1.0,50,42,COMPLETE
8,0.8057142857142857,2026-07-08 11:51:36.720793,2026-07-08 11:51:36.810521,0 days 00:00:00.089728,SAMME,1.0,100,42,COMPLETE
9,0.7885714285714286,2026-07-08 11:51:36.810521,2026-07-08 11:51:36.874367,0 days 00:00:00.063846,SAMME,0.8,50,42,COMPLETE
10,0.7942857142857143,2026-07-08 11:51:36.874367,2026-07-08 11:51:36.974919,0 days 00:00:00.100552,SAMME,0.8,100,42,COMPLETE
11,0.8057142857142857,2026-07-08 11:51:36.974919,2026-07-08 11:51:37.080644,0 days 00:00:00.105725,SAMME,1.0,100,42,COMPLETE
12,0.8057142857142857,2026-07-08 11:51:37.080644,2026-07-08 11:51:37.191156,0 days 00:00:00.110512,SAMME,1.0,100,42,COMPLETE
13,0.8057142857142857,2026-07-08 11:51:37.191156,2026-07-08 11:51:37.301069,0 days 00:00:00.109913,SAMME,1.0,100,42,COMPLETE
14,0.8057142857142857,2026-07-08 11:51:37.301069,2026-07-08 11:51:37.396351,0 days 00:00:00.095282,SAMME,1.0,100,42,COMPLETE
15,0.8057142857142857,2026-07-08 11:51:37.396351,2026-07-08 11:51:37.514806,0 days 00:00:00.118455,SAMME,1.0,100,42,COMPLETE
16,0.8057142857142857,2026-07-08 11:51:37.514806,2026-07-08 11:51:37.621594,0 days 00:00:00.106788,SAMME,1.0,100,42,COMPLETE
17,0.8057142857142857,2026-07-08 11:51:37.622596,2026-07-08 11:51:37.723353,0 days 00:00:00.100757,SAMME,1.0,100,42,COMPLETE
18,0.7885714285714286,2026-07-08 11:51:37.725363,2026-07-08 11:51:37.778474,0 days 00:00:00.053111,SAMME,0.8,50,42,COMPLETE
19,0.8057142857142857,2026-07-08 11:51:37.778474,2026-07-08 11:51:37.881387,0 days 00:00:00.102913,SAMME,1.0,100,42,COMPLETE
20,0.8057142857142857,2026-07-08 11:51:37.881387,2026-07-08 11:51:37.979969,0 days 00:00:00.098582,SAMME,1.0,100,42,COMPLETE
21,0.8057142857142857,2026-07-08 11:51:37.979969,2026-07-08 11:51:38.075749,0 days 00:00:00.095780,SAMME,1.0,100,42,COMPLETE
22,0.8057142857142857,2026-07-08 11:51:38.075749,2026-07-08 11:51:38.192947,0 days 00:00:00.117198,SAMME,1.0,100,42,COMPLETE
23,0.8057142857142857,2026-07-08 11:51:38.192947,2026-07-08 11:51:38.296945,0 days 00:00:00.103998,SAMME,1.0,100,42,COMPLETE
24,0.8057142857142857,2026-07-08 11:51:38.296945,2026-07-08 11:51:38.397873,0 days 00:00:00.100928,SAMME,1.0,100,42,COMPLETE
25,0.8057142857142857,2026-07-08 11:51:38.397873,2026-07-08 11:51:38.513773,0 days 00:00:00.115900,SAMME,1.0,100,42,COMPLETE
26,0.7885714285714286,2026-07-08 11:51:38.515514,2026-07-08 11:51:38.572478,0 days 00:00:00.056964,SAMME,0.8,50,42,COMPLETE
27,0.8057142857142857,2026-07-08 11:51:38.573482,2026-07-08 11:51:38.676002,0 days 00:00:00.102520,SAMME,1.0,100,42,COMPLETE
28,0.8057142857142857,2026-07-08 11:51:38.676002,2026-07-08 11:51:38.768451,0 days 00:00:00.092449,SAMME,1.0,100,42,COMPLETE
29,0.7828571428571428,2026-07-08 11:51:38.768451,2026-07-08 11:51:38.832259,0 days 00:00:00.063808,SAMME,1.0,50,42,COMPLETE
30,0.8057142857142857,2026-07-08 11:51:38.832259,2026-07-08 11:51:38.936149,0 days 00:00:00.103890,SAMME,1.0,100,42,COMPLETE
31,0.8057142857142857,2026-07-08 11:51:38.936149,2026-07-08 11:51:39.042721,0 days 00:00:00.106572,SAMME,1.0,100,42,COMPLETE
32,0.8057142857142857,2026-07-08 11:51:39.042721,2026-07-08 11:51:39.146451,0 days 00:00:00.103730,SAMME,1.0,100,42,COMPLETE
33,0.8057142857142857,2026-07-08 11:51:39.146451,2026-07-08 11:51:39.246829,0 days 00:00:00.100378,SAMME,1.0,100,42,COMPLETE
34,0.8057142857142857,2026-07-08 11:51:39.246829,2026-07-08 11:51:39.345309,0 days 00:00:00.098480,SAMME,1.0,100,42,COMPLETE
35,0.7885714285714286,2026-07-08 11:51:39.345309,2026-07-08 11:51:39.409371,0 days 00:00:00.064062,SAMME,0.8,50,42,COMPLETE
36,0.8057142857142857,2026-07-08 11:51:39.409371,2026-07-08 11:51:39.512656,0 days 00:00:00.103285,SAMME,1.0,100,42,COMPLETE
37,0.7942857142857143,2026-07-08 11:51:39.512656,2026-07-08 11:51:39.620603,0 days 00:00:00.107947,SAMME,0.8,100,42,COMPLETE
38,0.8057142857142857,2026-07-08 11:51:39.620603,2026-07-08 11:51:39.724785,0 days 00:00:00.104182,SAMME,1.0,100,42,COMPLETE
39,0.7828571428571428,2026-07-08 11:51:39.725705,2026-07-08 11:51:39.769038,0 days 00:00:00.043333,SAMME,1.0,50,42,COMPLETE
40,0.7942857142857143,2026-07-08 11:51:39.769038,2026-07-08 11:51:39.883027,0 days 00:00:00.113989,SAMME,0.8,100,42,COMPLETE
41,0.8057142857142857,2026-07-08 11:51:39.883027,2026-07-08 11:51:39.986970,0 days 00:00:00.103943,SAMME,1.0,100,42,COMPLETE
42,0.8057142857142857,2026-07-08 11:51:39.986970,2026-07-08 11:51:40.096713,0 days 00:00:00.109743,SAMME,1.0,100,42,COMPLETE
43,0.8057142857142857,2026-07-08 11:51:40.096713,2026-07-08 11:51:40.204806,0 days 00:00:00.108093,SAMME,1.0,100,42,COMPLETE
44,0.8057142857142857,2026-07-08 11:51:40.204806,2026-07-08 11:51:40.301743,0 days 00:00:00.096937,SAMME,1.0,100,42,COMPLETE
45,0.8057142857142857,2026-07-08 11:51:40.301743,2026-07-08 11:51:40.408748,0 days 00:00:00.107005,SAMME,1.0,100,42,COMPLETE
46,0.8057142857142857,2026-07-08 11:51:40.408748,2026-07-08 11:51:40.527863,0 days 00:00:00.119115,SAMME,1.0,100,42,COMPLETE
47,0.8057142857142857,2026-07-08 11:51:40.527863,2026-07-08 11:51:40.641747,0 days 00:00:00.113884,SAMME,1.0,100,42,COMPLETE
48,0.7828571428571428,2026-07-08 11:51:40.642747,2026-07-08 11:51:40.695278,0 days 00:00:00.052531,SAMME,1.0,50,42,COMPLETE
49,0.7942857142857143,2026-07-08 11:51:40.695278,2026-07-08 11:51:40.802556,0 days 00:00:00.107278,SAMME,0.8,100,42,COMPLETE
50,0.8057142857142857,2026-07-08 11:51:40.802556,2026-07-08 11:51:40.895723,0 days 00:00:00.093167,SAMME,1.0,100,42,COMPLETE
51,0.8057142857142857,2026-07-08 11:51:40.895723,2026-07-08 11:51:41.007772,0 days 00:00:00.112049,SAMME,1.0,100,42,COMPLETE
52,0.8057142857142857,2026-07-08 11:51:41.007772,2026-07-08 11:51:41.115733,0 days 00:00:00.107961,SAMME,1.0,100,42,COMPLETE
53,0.8057142857142857,2026-07-08 11:51:41.115733,2026-07-08 11:51:41.222459,0 days 00:00:00.106726,SAMME,1.0,100,42,COMPLETE
54,0.8057142857142857,2026-07-08 11:51:41.224782,2026-07-08 11:51:41.315967,0 days 00:00:00.091185,SAMME,1.0,100,42,COMPLETE
55,0.8057142857142857,2026-07-08 11:51:41.315967,2026-07-08 11:51:41.438159,0 days 00:00:00.122192,SAMME,1.0,100,42,COMPLETE
56,0.8057142857142857,2026-07-08 11:51:41.438159,2026-07-08 11:51:41.528659,0 days 00:00:00.090500,SAMME,1.0,100,42,COMPLETE
57,0.8057142857142857,2026-07-08 11:51:41.528659,2026-07-08 11:51:41.635776,0 days 00:00:00.107117,SAMME,1.0,100,42,COMPLETE
58,0.7828571428571428,2026-07-08 11:51:41.635776,2026-07-08 11:51:41.696704,0 days 00:00:00.060928,SAMME,1.0,50,42,COMPLETE
59,0.8057142857142857,2026-07-08 11:51:41.697626,2026-07-08 11:51:41.797674,0 days 00:00:00.100048,SAMME,1.0,100,42,COMPLETE
60,0.7942857142857143,2026-07-08 11:51:41.797674,2026-07-08 11:51:41.901037,0 days 00:00:00.103363,SAMME,0.8,100,42,COMPLETE
61,0.8057142857142857,2026-07-08 11:51:41.901037,2026-07-08 11:51:41.988726,0 days 00:00:00.087689,SAMME,1.0,100,42,COMPLETE
62,0.8057142857142857,2026-07-08 11:51:41.988726,2026-07-08 11:51:42.097356,0 days 00:00:00.108630,SAMME,1.0,100,42,COMPLETE
63,0.8057142857142857,2026-07-08 11:51:42.097356,2026-07-08 11:51:42.215537,0 days 00:00:00.118181,SAMME,1.0,100,42,COMPLETE
64,0.8057142857142857,2026-07-08 11:51:42.215537,2026-07-08 11:51:42.317334,0 days 00:00:00.101797,SAMME,1.0,100,42,COMPLETE
65,0.8057142857142857,2026-07-08 11:51:42.317334,2026-07-08 11:51:42.430037,0 days 00:00:00.112703,SAMME,1.0,100,42,COMPLETE
66,0.8057142857142857,2026-07-08 11:51:42.430037,2026-07-08 11:51:42.552923,0 days 00:00:00.122886,SAMME,1.0,100,42,COMPLETE
67,0.8057142857142857,2026-07-08 11:51:42.552923,2026-07-08 11:51:42.644800,0 days 00:00:00.091877,SAMME,1.0,100,42,COMPLETE
68,0.7828571428571428,2026-07-08 11:51:42.644800,2026-07-08 11:51:42.706823,0 days 00:00:00.062023,SAMME,1.0,50,42,COMPLETE
69,0.8057142857142857,2026-07-08 11:51:42.706823,2026-07-08 11:51:42.799367,0 days 00:00:00.092544,SAMME,1.0,100,42,COMPLETE
70,0.7942857142857143,2026-07-08 11:51:42.799367,2026-07-08 11:51:42.930548,0 days 00:00:00.131181,SAMME,0.8,100,42,COMPLETE
71,0.8057142857142857,2026-07-08 11:51:42.931544,2026-07-08 11:51:43.062450,0 days 00:00:00.130906,SAMME,1.0,100,42,COMPLETE
72,0.8057142857142857,2026-07-08 11:51:43.062450,2026-07-08 11:51:43.205111,0 days 00:00:00.142661,SAMME,1.0,100,42,COMPLETE
73,0.8057142857142857,2026-07-08 11:51:43.205111,2026-07-08 11:51:43.298849,0 days 00:00:00.093738,SAMME,1.0,100,42,COMPLETE
74,0.8057142857142857,2026-07-08 11:51:43.298849,2026-07-08 11:51:43.410881,0 days 00:00:00.112032,SAMME,1.0,100,42,COMPLETE
75,0.8057142857142857,2026-07-08 11:51:43.410881,2026-07-08 11:51:43.519988,0 days 00:00:00.109107,SAMME,1.0,100,42,COMPLETE
76,0.8057142857142857,2026-07-08 11:51:43.519988,2026-07-08 11:51:43.615734,0 days 00:00:00.095746,SAMME,1.0,100,42,COMPLETE
77,0.8057142857142857,2026-07-08 11:51:43.615734,2026-07-08 11:51:43.724288,0 days 00:00:00.108554,SAMME,1.0,100,42,COMPLETE
78,0.8057142857142857,2026-07-08 11:51:43.724288,2026-07-08 11:51:43.816457,0 days 00:00:00.092169,SAMME,1.0,100,42,COMPLETE
79,0.7828571428571428,2026-07-08 11:51:43.816457,2026-07-08 11:51:43.886352,0 days 00:00:00.069895,SAMME,1.0,50,42,COMPLETE
80,0.8057142857142857,2026-07-08 11:51:43.886352,2026-07-08 11:51:43.981468,0 days 00:00:00.095116,SAMME,1.0,100,42,COMPLETE
81,0.8057142857142857,2026-07-08 11:51:43.981468,2026-07-08 11:51:44.077196,0 days 00:00:00.095728,SAMME,1.0,100,42,COMPLETE
82,0.8057142857142857,2026-07-08 11:51:44.077196,2026-07-08 11:51:44.194506,0 days 00:00:00.117310,SAMME,1.0,100,42,COMPLETE
83,0.8057142857142857,2026-07-08 11:51:44.195528,2026-07-08 11:51:44.297328,0 days 00:00:00.101800,SAMME,1.0,100,42,COMPLETE
84,0.8057142857142857,2026-07-08 11:51:44.297328,2026-07-08 11:51:44.394048,0 days 00:00:00.096720,SAMME,1.0,100,42,COMPLETE
85,0.7942857142857143,2026-07-08 11:51:44.394048,2026-07-08 11:51:44.504433,0 days 00:00:00.110385,SAMME,0.8,100,42,COMPLETE
86,0.8057142857142857,2026-07-08 11:51:44.504433,2026-07-08 11:51:44.598683,0 days 00:00:00.094250,SAMME,1.0,100,42,COMPLETE
87,0.8057142857142857,2026-07-08 11:51:44.598683,2026-07-08 11:51:44.706400,0 days 00:00:00.107717,SAMME,1.0,100,42,COMPLETE
88,0.8057142857142857,2026-07-08 11:51:44.706400,2026-07-08 11:51:44.815497,0 days 00:00:00.109097,SAMME,1.0,100,42,COMPLETE
89,0.8057142857142857,2026-07-08 11:51:44.815497,2026-07-08 11:51:44.916340,0 days 00:00:00.100843,SAMME,1.0,100,42,COMPLETE
90,0.7828571428571428,2026-07-08 11:51:44.916340,2026-07-08 11:51:44.979908,0 days 00:00:00.063568,SAMME,1.0,50,42,COMPLETE
91,0.8057142857142857,2026-07-08 11:51:44.979908,2026-07-08 11:51:45.080279,0 days 00:00:00.100371,SAMME,1.0,100,42,COMPLETE
92,0.8057142857142857,2026-07-08 11:51:45.080279,2026-07-08 11:51:45.207181,0 days 00:00:00.126902,SAMME,1.0,100,42,COMPLETE
93,0.8057142857142857,2026-07-08 11:51:45.207181,2026-07-08 11:51:45.314950,0 days 00:00:00.107769,SAMME,1.0,100,42,COMPLETE
94,0.8057142857142857,2026-07-08 11:51:45.314950,2026-07-08 11:51:45.425003,0 days 00:00:00.110053,SAMME,1.0,100,42,COMPLETE
95,0.8057142857142857,2026-07-08 11:51:45.425003,2026-07-08 11:51:45.536057,0 days 00:00:00.111054,SAMME,1.0,100,42,COMPLETE
96,0.8057142857142857,2026-07-08 11:51:45.536057,2026-07-08 11:51:45.644469,0 days 00:00:00.108412,SAMME,1.0,100,42,COMPLETE
97,0.7942857142857143,2026-07-08 11:51:45.645466,2026-07-08 11:51:45.737165,0 days 00:00:00.091699,SAMME,0.8,100,42,COMPLETE
98,0.8057142857142857,2026-07-08 11:51:45.737165,2026-07-08 11:51:45.846509,0 days 00:00:00.109344,SAMME,1.0,100,42,COMPLETE
99,0.8057142857142857,2026-07-08 11:51:45.846509,2026-07-08 11:51:45.971883,0 days 00:00:00.125374,SAMME,1.0,100,42,COMPLETE
100,0.8057142857142857,2026-07-08 11:51:45.971883,2026-07-08 11:51:46.065237,0 days 00:00:00.093354,SAMME,1.0,100,42,COMPLETE
101,0.8057142857142857,2026-07-08 11:51:46.065237,2026-07-08 11:51:46.188825,0 days 00:00:00.123588,SAMME,1.0,100,42,COMPLETE
102,0.8057142857142857,2026-07-08 11:51:46.189877,2026-07-08 11:51:46.283687,0 days 00:00:00.093810,SAMME,1.0,100,42,COMPLETE
103,0.8057142857142857,2026-07-08 11:51:46.283687,2026-07-08 11:51:46.409696,0 days 00:00:00.126009,SAMME,1.0,100,42,COMPLETE
104,0.8057142857142857,2026-07-08 11:51:46.409696,2026-07-08 11:51:46.518770,0 days 00:00:00.109074,SAMME,1.0,100,42,COMPLETE
105,0.8057142857142857,2026-07-08 11:51:46.518770,2026-07-08 11:51:46.627300,0 days 00:00:00.108530,SAMME,1.0,100,42,COMPLETE
106,0.8057142857142857,2026-07-08 11:51:46.627300,2026-07-08 11:51:46.737032,0 days 00:00:00.109732,SAMME,1.0,100,42,COMPLETE
107,0.7828571428571428,2026-07-08 11:51:46.737032,2026-07-08 11:51:46.804289,0 days 00:00:00.067257,SAMME,1.0,50,42,COMPLETE
108,0.8057142857142857,2026-07-08 11:51:46.805280,2026-07-08 11:51:46.896101,0 days 00:00:00.090821,SAMME,1.0,100,42,COMPLETE
109,0.8057142857142857,2026-07-08 11:51:46.896101,2026-07-08 11:51:47.003365,0 days 00:00:00.107264,SAMME,1.0,100,42,COMPLETE
110,0.7942857142857143,2026-07-08 11:51:47.003365,2026-07-08 11:51:47.124112,0 days 00:00:00.120747,SAMME,0.8,100,42,COMPLETE
111,0.8057142857142857,2026-07-08 11:51:47.124112,2026-07-08 11:51:47.237862,0 days 00:00:00.113750,SAMME,1.0,100,42,COMPLETE
112,0.8057142857142857,2026-07-08 11:51:47.238861,2026-07-08 11:51:47.347345,0 days 00:00:00.108484,SAMME,1.0,100,42,COMPLETE
113,0.8057142857142857,2026-07-08 11:51:47.347345,2026-07-08 11:51:47.447892,0 days 00:00:00.100547,SAMME,1.0,100,42,COMPLETE
114,0.8057142857142857,2026-07-08 11:51:47.447892,2026-07-08 11:51:47.566439,0 days 00:00:00.118547,SAMME,1.0,100,42,COMPLETE
115,0.8057142857142857,2026-07-08 11:51:47.566439,2026-07-08 11:51:47.661990,0 days 00:00:00.095551,SAMME,1.0,100,42,COMPLETE
116,0.8057142857142857,2026-07-08 11:51:47.661990,2026-07-08 11:51:47.780756,0 days 00:00:00.118766,SAMME,1.0,100,42,COMPLETE
117,0.8057142857142857,2026-07-08 11:51:47.780756,2026-07-08 11:51:47.892349,0 days 00:00:00.111593,SAMME,1.0,100,42,COMPLETE
118,0.8057142857142857,2026-07-08 11:51:47.892349,2026-07-08 11:51:48.008605,0 days 00:00:00.116256,SAMME,1.0,100,42,COMPLETE
119,0.8057142857142857,2026-07-08 11:51:48.009595,2026-07-08 11:51:48.114073,0 days 00:00:00.104478,SAMME,1.0,100,42,COMPLETE
120,0.7828571428571428,2026-07-08 11:51:48.114073,2026-07-08 11:51:48.161105,0 days 00:00:00.047032,SAMME,1.0,50,42,COMPLETE
121,0.8057142857142857,2026-07-08 11:51:48.175059,2026-07-08 11:51:48.268406,0 days 00:00:00.093347,SAMME,1.0,100,42,COMPLETE
122,0.8057142857142857,2026-07-08 11:51:48.268406,2026-07-08 11:51:48.389060,0 days 00:00:00.120654,SAMME,1.0,100,42,COMPLETE
123,0.8057142857142857,2026-07-08 11:51:48.389060,2026-07-08 11:51:48.495508,0 days 00:00:00.106448,SAMME,1.0,100,42,COMPLETE
124,0.8057142857142857,2026-07-08 11:51:48.495508,2026-07-08 11:51:48.596942,0 days 00:00:00.101434,SAMME,1.0,100,42,COMPLETE
125,0.8057142857142857,2026-07-08 11:51:48.596942,2026-07-08 11:51:48.716944,0 days 00:00:00.120002,SAMME,1.0,100,42,COMPLETE
126,0.8057142857142857,2026-07-08 11:51:48.717936,2026-07-08 11:51:48.817962,0 days 00:00:00.100026,SAMME,1.0,100,42,COMPLETE
127,0.8057142857142857,2026-07-08 11:51:48.817962,2026-07-08 11:51:48.925052,0 days 00:00:00.107090,SAMME,1.0,100,42,COMPLETE
128,0.7942857142857143,2026-07-08 11:51:48.925052,2026-07-08 11:51:49.034205,0 days 00:00:00.109153,SAMME,0.8,100,42,COMPLETE
129,0.8057142857142857,2026-07-08 11:51:49.034205,2026-07-08 11:51:49.128058,0 days 00:00:00.093853,SAMME,1.0,100,42,COMPLETE
130,0.8057142857142857,2026-07-08 11:51:49.128058,2026-07-08 11:51:49.252463,0 days 00:00:00.124405,SAMME,1.0,100,42,COMPLETE
131,0.8057142857142857,2026-07-08 11:51:49.252463,2026-07-08 11:51:49.362742,0 days 00:00:00.110279,SAMME,1.0,100,42,COMPLETE
132,0.8057142857142857,2026-07-08 11:51:49.362742,2026-07-08 11:51:49.471394,0 days 00:00:00.108652,SAMME,1.0,100,42,COMPLETE
133,0.8057142857142857,2026-07-08 11:51:49.471394,2026-07-08 11:51:49.582679,0 days 00:00:00.111285,SAMME,1.0,100,42,COMPLETE
134,0.8057142857142857,2026-07-08 11:51:49.582679,2026-07-08 11:51:49.677006,0 days 00:00:00.094327,SAMME,1.0,100,42,COMPLETE
135,0.8057142857142857,2026-07-08 11:51:49.677006,2026-07-08 11:51:49.784380,0 days 00:00:00.107374,SAMME,1.0,100,42,COMPLETE
136,0.8057142857142857,2026-07-08 11:51:49.784380,2026-07-08 11:51:49.901869,0 days 00:00:00.117489,SAMME,1.0,100,42,COMPLETE
137,0.8057142857142857,2026-07-08 11:51:49.902884,2026-07-08 11:51:49.994880,0 days 00:00:00.091996,SAMME,1.0,100,42,COMPLETE
138,0.8057142857142857,2026-07-08 11:51:49.994880,2026-07-08 11:51:50.113282,0 days 00:00:00.118402,SAMME,1.0,100,42,COMPLETE
139,0.7828571428571428,2026-07-08 11:51:50.113282,2026-07-08 11:51:50.161421,0 days 00:00:00.048139,SAMME,1.0,50,42,COMPLETE
140,0.8057142857142857,2026-07-08 11:51:50.161421,2026-07-08 11:51:50.270316,0 days 00:00:00.108895,SAMME,1.0,100,42,COMPLETE
141,0.8057142857142857,2026-07-08 11:51:50.270316,2026-07-08 11:51:50.378563,0 days 00:00:00.108247,SAMME,1.0,100,42,COMPLETE
142,0.8057142857142857,2026-07-08 11:51:50.378563,2026-07-08 11:51:50.488818,0 days 00:00:00.110255,SAMME,1.0,100,42,COMPLETE
143,0.8057142857142857,2026-07-08 11:51:50.488818,2026-07-08 11:51:50.601662,0 days 00:00:00.112844,SAMME,1.0,100,42,COMPLETE
144,0.8057142857142857,2026-07-08 11:51:50.601662,2026-07-08 11:51:50.691467,0 days 00:00:00.089805,SAMME,1.0,100,42,COMPLETE
145,0.8057142857142857,2026-07-08 11:51:50.707585,2026-07-08 11:51:50.799998,0 days 00:00:00.092413,SAMME,1.0,100,42,COMPLETE
146,0.8057142857142857,2026-07-08 11:51:50.799998,2026-07-08 11:51:50.913288,0 days 00:00:00.113290,SAMME,1.0,100,42,COMPLETE
147,0.7942857142857143,2026-07-08 11:51:50.913288,2026-07-08 11:51:51.018968,0 days 00:00:00.105680,SAMME,0.8,100,42,COMPLETE
148,0.8057142857142857,2026-07-08 11:51:51.018968,2026-07-08 11:51:51.115418,0 days 00:00:00.096450,SAMME,1.0,100,42,COMPLETE
149,0.8057142857142857,2026-07-08 11:51:51.115418,2026-07-08 11:51:51.252885,0 days 00:00:00.137467,SAMME,1.0,100,42,COMPLETE
150,0.8057142857142857,2026-07-08 11:51:51.252885,2026-07-08 11:51:51.348508,0 days 00:00:00.095623,SAMME,1.0,100,42,COMPLETE
151,0.8057142857142857,2026-07-08 11:51:51.348508,2026-07-08 11:51:51.465324,0 days 00:00:00.116816,SAMME,1.0,100,42,COMPLETE
152,0.8057142857142857,2026-07-08 11:51:51.465324,2026-07-08 11:51:51.576541,0 days 00:00:00.111217,SAMME,1.0,100,42,COMPLETE
153,0.8057142857142857,2026-07-08 11:51:51.576541,2026-07-08 11:51:51.675707,0 days 00:00:00.099166,SAMME,1.0,100,42,COMPLETE
154,0.8057142857142857,2026-07-08 11:51:51.675707,2026-07-08 11:51:51.781825,0 days 00:00:00.106118,SAMME,1.0,100,42,COMPLETE
155,0.8057142857142857,2026-07-08 11:51:51.781825,2026-07-08 11:51:51.878595,0 days 00:00:00.096770,SAMME,1.0,100,42,COMPLETE
156,0.8057142857142857,2026-07-08 11:51:51.878595,2026-07-08 11:51:51.987818,0 days 00:00:00.109223,SAMME,1.0,100,42,COMPLETE
157,0.8057142857142857,2026-07-08 11:51:51.987818,2026-07-08 11:51:52.092991,0 days 00:00:00.105173,SAMME,1.0,100,42,COMPLETE
158,0.8057142857142857,2026-07-08 11:51:52.092991,2026-07-08 11:51:52.191514,0 days 00:00:00.098523,SAMME,1.0,100,42,COMPLETE
159,0.7828571428571428,2026-07-08 11:51:52.191514,2026-07-08 11:51:52.239123,0 days 00:00:00.047609,SAMME,1.0,50,42,COMPLETE
160,0.8057142857142857,2026-07-08 11:51:52.239123,2026-07-08 11:51:52.354883,0 days 00:00:00.115760,SAMME,1.0,100,42,COMPLETE
161,0.8057142857142857,2026-07-08 11:51:52.355891,2026-07-08 11:51:52.447418,0 days 00:00:00.091527,SAMME,1.0,100,42,COMPLETE
162,0.8057142857142857,2026-07-08 11:51:52.447418,2026-07-08 11:51:52.558965,0 days 00:00:00.111547,SAMME,1.0,100,42,COMPLETE
163,0.8057142857142857,2026-07-08 11:51:52.558965,2026-07-08 11:51:52.659652,0 days 00:00:00.100687,SAMME,1.0,100,42,COMPLETE
164,0.8057142857142857,2026-07-08 11:51:52.659652,2026-07-08 11:51:52.779831,0 days 00:00:00.120179,SAMME,1.0,100,42,COMPLETE
165,0.8057142857142857,2026-07-08 11:51:52.779831,2026-07-08 11:51:52.864209,0 days 00:00:00.084378,SAMME,1.0,100,42,COMPLETE
166,0.8057142857142857,2026-07-08 11:51:52.880237,2026-07-08 11:51:52.979954,0 days 00:00:00.099717,SAMME,1.0,100,42,COMPLETE
167,0.8057142857142857,2026-07-08 11:51:52.979954,2026-07-08 11:51:53.079847,0 days 00:00:00.099893,SAMME,1.0,100,42,COMPLETE
168,0.7942857142857143,2026-07-08 11:51:53.079847,2026-07-08 11:51:53.192483,0 days 00:00:00.112636,SAMME,0.8,100,42,COMPLETE
169,0.8057142857142857,2026-07-08 11:51:53.192483,2026-07-08 11:51:53.296994,0 days 00:00:00.104511,SAMME,1.0,100,42,COMPLETE
170,0.8057142857142857,2026-07-08 11:51:53.296994,2026-07-08 11:51:53.412450,0 days 00:00:00.115456,SAMME,1.0,100,42,COMPLETE
171,0.8057142857142857,2026-07-08 11:51:53.412450,2026-07-08 11:51:53.520724,0 days 00:00:00.108274,SAMME,1.0,100,42,COMPLETE
