number,value,datetime_start,datetime_complete,duration,params_activation,params_alpha,params_hidden_layer_sizes,params_max_iter,state
478,0.8217993079584776,2026-07-07 17:48:09.297993,2026-07-07 17:48:10.389663,0 days 00:00:01.091670,logistic,0.0005,"(10,)",1000,COMPLETE
479,0.8217993079584776,2026-07-07 17:48:10.389663,2026-07-07 17:48:10.912394,0 days 00:00:00.522731,relu,0.0001,"(10,)",1000,COMPLETE
480,0.8217993079584776,2026-07-07 17:48:10.912394,2026-07-07 17:48:12.193812,0 days 00:00:01.281418,logistic,0.0005,"(10,)",1000,COMPLETE
481,0.8217993079584776,2026-07-07 17:48:12.193812,2026-07-07 17:48:12.699489,0 days 00:00:00.505677,relu,0.0001,"(10,)",1000,COMPLETE
482,0.8217993079584776,2026-07-07 17:48:12.699489,2026-07-07 17:48:13.776338,0 days 00:00:01.076849,logistic,0.0005,"(10,)",1000,COMPLETE
483,0.8217993079584776,2026-07-07 17:48:13.776338,2026-07-07 17:48:14.281329,0 days 00:00:00.504991,relu,0.0001,"(10,)",1000,COMPLETE
484,0.8217993079584776,2026-07-07 17:48:14.281329,2026-07-07 17:48:15.357154,0 days 00:00:01.075825,logistic,0.0005,"(10,)",1000,COMPLETE
485,0.8217993079584776,2026-07-07 17:48:15.357154,2026-07-07 17:48:16.431986,0 days 00:00:01.074832,logistic,0.0001,"(10,)",1000,COMPLETE
486,0.8183391003460208,2026-07-07 17:48:16.431986,2026-07-07 17:48:16.574346,0 days 00:00:00.142360,relu,0.0005,"(10,)",200,COMPLETE
487,0.7975778546712803,2026-07-07 17:48:16.574346,2026-07-07 17:48:17.239450,0 days 00:00:00.665104,tanh,0.0001,"(10,)",1000,COMPLETE
488,0.8217993079584776,2026-07-07 17:48:17.239450,2026-07-07 17:48:18.299403,0 days 00:00:01.059953,logistic,0.0005,"(10,)",1000,COMPLETE
489,0.8217993079584776,2026-07-07 17:48:18.299403,2026-07-07 17:48:18.821243,0 days 00:00:00.521840,relu,0.0001,"(10,)",1000,COMPLETE
490,0.8217993079584776,2026-07-07 17:48:18.821243,2026-07-07 17:48:19.881589,0 days 00:00:01.060346,logistic,0.0005,"(10,)",1000,COMPLETE
491,0.8217993079584776,2026-07-07 17:48:19.881589,2026-07-07 17:48:20.380287,0 days 00:00:00.498698,relu,0.0005,"(10,)",1000,COMPLETE
492,0.7993079584775087,2026-07-07 17:48:20.380287,2026-07-07 17:48:20.799252,0 days 00:00:00.418965,logistic,0.0001,"(5,)",1000,COMPLETE
493,0.8217993079584776,2026-07-07 17:48:20.799252,2026-07-07 17:48:21.290230,0 days 00:00:00.490978,relu,0.0005,"(10,)",1000,COMPLETE
494,0.8217993079584776,2026-07-07 17:48:21.290230,2026-07-07 17:48:22.365337,0 days 00:00:01.075107,logistic,0.0001,"(10,)",1000,COMPLETE
495,0.8217993079584776,2026-07-07 17:48:22.365337,2026-07-07 17:48:22.839316,0 days 00:00:00.473979,relu,0.0005,"(10,)",1000,COMPLETE
496,0.8217993079584776,2026-07-07 17:48:22.839316,2026-07-07 17:48:23.916215,0 days 00:00:01.076899,logistic,0.0001,"(10,)",1000,COMPLETE
497,0.8217993079584776,2026-07-07 17:48:23.916215,2026-07-07 17:48:24.407073,0 days 00:00:00.490858,relu,0.0005,"(10,)",1000,COMPLETE
498,0.8217993079584776,2026-07-07 17:48:24.407073,2026-07-07 17:48:25.482180,0 days 00:00:01.075107,logistic,0.0001,"(10,)",1000,COMPLETE
499,0.8217993079584776,2026-07-07 17:48:25.482180,2026-07-07 17:48:25.973268,0 days 00:00:00.491088,relu,0.0005,"(10,)",1000,COMPLETE
