number,value,datetime_start,datetime_complete,duration,params_activation,params_alpha,params_hidden_layer_sizes,params_max_iter,state
0,0.7923875432525952,2026-07-07 17:42:07.180209,2026-07-07 17:42:07.306748,0 days 00:00:00.126539,tanh,0.0005,"(5,)",200,COMPLETE
1,0.8183391003460208,2026-07-07 17:42:07.306748,2026-07-07 17:42:07.448909,0 days 00:00:00.142161,relu,0.0001,"(10,)",200,COMPLETE
2,0.7975778546712803,2026-07-07 17:42:07.448909,2026-07-07 17:42:08.113545,0 days 00:00:00.664636,tanh,0.0001,"(10,)",1000,COMPLETE
3,0.7923875432525952,2026-07-07 17:42:08.113545,2026-07-07 17:42:08.241075,0 days 00:00:00.127530,tanh,0.0005,"(5,)",200,COMPLETE
4,0.7975778546712803,2026-07-07 17:42:08.256901,2026-07-07 17:42:08.920996,0 days 00:00:00.664095,tanh,0.0001,"(10,)",1000,COMPLETE
5,0.801038062283737,2026-07-07 17:42:08.920996,2026-07-07 17:42:09.048048,0 days 00:00:00.127052,relu,0.0005,"(5,)",200,COMPLETE
6,0.8217993079584776,2026-07-07 17:42:09.048048,2026-07-07 17:42:09.522862,0 days 00:00:00.474814,relu,0.0005,"(10,)",1000,COMPLETE
7,0.8217993079584776,2026-07-07 17:42:09.522862,2026-07-07 17:42:10.615122,0 days 00:00:01.092260,logistic,0.0001,"(10,)",1000,COMPLETE
8,0.7923875432525952,2026-07-07 17:42:10.615122,2026-07-07 17:42:10.757800,0 days 00:00:00.142678,tanh,0.0005,"(5,)",200,COMPLETE
9,0.801038062283737,2026-07-07 17:42:10.757800,2026-07-07 17:42:11.296456,0 days 00:00:00.538656,tanh,0.0001,"(5,)",1000,COMPLETE
10,0.8217993079584776,2026-07-07 17:42:11.296456,2026-07-07 17:42:11.786293,0 days 00:00:00.489837,relu,0.0005,"(10,)",1000,COMPLETE
11,0.8217993079584776,2026-07-07 17:42:11.786293,2026-07-07 17:42:12.861730,0 days 00:00:01.075437,logistic,0.0001,"(10,)",1000,COMPLETE
12,0.8217993079584776,2026-07-07 17:42:12.861730,2026-07-07 17:42:13.937889,0 days 00:00:01.076159,logistic,0.0005,"(10,)",1000,COMPLETE
13,0.8217993079584776,2026-07-07 17:42:13.937889,2026-07-07 17:42:15.013854,0 days 00:00:01.075965,logistic,0.0001,"(10,)",1000,COMPLETE
14,0.8217993079584776,2026-07-07 17:42:15.013854,2026-07-07 17:42:15.504669,0 days 00:00:00.490815,relu,0.0005,"(10,)",1000,COMPLETE
15,0.8217993079584776,2026-07-07 17:42:15.520434,2026-07-07 17:42:16.580224,0 days 00:00:01.059790,logistic,0.0001,"(10,)",1000,COMPLETE
16,0.8217993079584776,2026-07-07 17:42:16.580224,2026-07-07 17:42:17.786001,0 days 00:00:01.205777,logistic,0.0001,"(10,)",1000,COMPLETE
17,0.8217993079584776,2026-07-07 17:42:17.786001,2026-07-07 17:42:18.292643,0 days 00:00:00.506642,relu,0.0005,"(10,)",1000,COMPLETE
18,0.8217993079584776,2026-07-07 17:42:18.292643,2026-07-07 17:42:18.782767,0 days 00:00:00.490124,relu,0.0005,"(10,)",1000,COMPLETE
19,0.8217993079584776,2026-07-07 17:42:18.782767,2026-07-07 17:42:19.873826,0 days 00:00:01.091059,logistic,0.0001,"(10,)",1000,COMPLETE
20,0.8217993079584776,2026-07-07 17:42:19.873826,2026-07-07 17:42:20.396317,0 days 00:00:00.522491,relu,0.0001,"(10,)",1000,COMPLETE
21,0.8217993079584776,2026-07-07 17:42:20.396317,2026-07-07 17:42:20.886157,0 days 00:00:00.489840,relu,0.0005,"(10,)",1000,COMPLETE
22,0.8217993079584776,2026-07-07 17:42:20.886157,2026-07-07 17:42:21.377654,0 days 00:00:00.491497,relu,0.0005,"(10,)",1000,COMPLETE
23,0.8217993079584776,2026-07-07 17:42:21.377654,2026-07-07 17:42:21.867375,0 days 00:00:00.489721,relu,0.0005,"(10,)",1000,COMPLETE
24,0.8217993079584776,2026-07-07 17:42:21.867375,2026-07-07 17:42:22.358729,0 days 00:00:00.491354,relu,0.0005,"(10,)",1000,COMPLETE
25,0.8217993079584776,2026-07-07 17:42:22.358729,2026-07-07 17:42:23.436117,0 days 00:00:01.077388,logistic,0.0005,"(10,)",1000,COMPLETE
26,0.801038062283737,2026-07-07 17:42:23.436117,2026-07-07 17:42:23.561579,0 days 00:00:00.125462,relu,0.0005,"(5,)",200,COMPLETE
27,0.8217993079584776,2026-07-07 17:42:23.561579,2026-07-07 17:42:24.653801,0 days 00:00:01.092222,logistic,0.0005,"(10,)",1000,COMPLETE
28,0.8217993079584776,2026-07-07 17:42:24.653801,2026-07-07 17:42:25.191827,0 days 00:00:00.538026,relu,0.0001,"(10,)",1000,COMPLETE
29,0.7941176470588235,2026-07-07 17:42:25.191827,2026-07-07 17:42:25.366112,0 days 00:00:00.174285,logistic,0.0005,"(5,)",200,COMPLETE
30,0.8217993079584776,2026-07-07 17:42:25.366112,2026-07-07 17:42:25.840242,0 days 00:00:00.474130,relu,0.0005,"(10,)",1000,COMPLETE
31,0.8217993079584776,2026-07-07 17:42:25.840242,2026-07-07 17:42:26.916786,0 days 00:00:01.076544,logistic,0.0001,"(10,)",1000,COMPLETE
32,0.8217993079584776,2026-07-07 17:42:26.916786,2026-07-07 17:42:28.009472,0 days 00:00:01.092686,logistic,0.0001,"(10,)",1000,COMPLETE
33,0.8217993079584776,2026-07-07 17:42:28.009472,2026-07-07 17:42:29.085711,0 days 00:00:01.076239,logistic,0.0001,"(10,)",1000,COMPLETE
34,0.7993079584775087,2026-07-07 17:42:29.085711,2026-07-07 17:42:29.307228,0 days 00:00:00.221517,logistic,0.0001,"(10,)",200,COMPLETE
35,0.7975778546712803,2026-07-07 17:42:29.307228,2026-07-07 17:42:29.987330,0 days 00:00:00.680102,tanh,0.0001,"(10,)",1000,COMPLETE
36,0.8217993079584776,2026-07-07 17:42:29.987330,2026-07-07 17:42:31.129711,0 days 00:00:01.142381,logistic,0.0001,"(10,)",1000,COMPLETE
37,0.801038062283737,2026-07-07 17:42:31.129711,2026-07-07 17:42:31.256214,0 days 00:00:00.126503,relu,0.0001,"(5,)",200,COMPLETE
38,0.7975778546712803,2026-07-07 17:42:31.256214,2026-07-07 17:42:31.938541,0 days 00:00:00.682327,tanh,0.0001,"(10,)",1000,COMPLETE
39,0.8131487889273357,2026-07-07 17:42:31.938541,2026-07-07 17:42:32.414367,0 days 00:00:00.475826,relu,0.0005,"(5,)",1000,COMPLETE
40,0.8027681660899654,2026-07-07 17:42:32.414367,2026-07-07 17:42:32.556666,0 days 00:00:00.142299,tanh,0.0005,"(10,)",200,COMPLETE
41,0.8217993079584776,2026-07-07 17:42:32.556666,2026-07-07 17:42:33.667121,0 days 00:00:01.110455,logistic,0.0005,"(10,)",1000,COMPLETE
42,0.8217993079584776,2026-07-07 17:42:33.667121,2026-07-07 17:42:34.811169,0 days 00:00:01.144048,logistic,0.0005,"(10,)",1000,COMPLETE
43,0.8217993079584776,2026-07-07 17:42:34.811169,2026-07-07 17:42:35.888872,0 days 00:00:01.077703,logistic,0.0005,"(10,)",1000,COMPLETE
44,0.8217993079584776,2026-07-07 17:42:35.888872,2026-07-07 17:42:37.014632,0 days 00:00:01.125760,logistic,0.0005,"(10,)",1000,COMPLETE
45,0.8217993079584776,2026-07-07 17:42:37.014632,2026-07-07 17:42:38.139856,0 days 00:00:01.125224,logistic,0.0005,"(10,)",1000,COMPLETE
46,0.8217993079584776,2026-07-07 17:42:38.139856,2026-07-07 17:42:39.265369,0 days 00:00:01.125513,logistic,0.0001,"(10,)",1000,COMPLETE
47,0.8131487889273357,2026-07-07 17:42:39.265369,2026-07-07 17:42:39.762480,0 days 00:00:00.497111,relu,0.0005,"(5,)",1000,COMPLETE
48,0.8217993079584776,2026-07-07 17:42:39.764486,2026-07-07 17:42:40.884248,0 days 00:00:01.119762,logistic,0.0001,"(10,)",1000,COMPLETE
49,0.7975778546712803,2026-07-07 17:42:40.884248,2026-07-07 17:42:41.582414,0 days 00:00:00.698166,tanh,0.0005,"(10,)",1000,COMPLETE
50,0.8217993079584776,2026-07-07 17:42:41.582414,2026-07-07 17:42:42.137336,0 days 00:00:00.554922,relu,0.0001,"(10,)",1000,COMPLETE
51,0.8217993079584776,2026-07-07 17:42:42.137336,2026-07-07 17:42:43.264643,0 days 00:00:01.127307,logistic,0.0001,"(10,)",1000,COMPLETE
52,0.8217993079584776,2026-07-07 17:42:43.264643,2026-07-07 17:42:44.374400,0 days 00:00:01.109757,logistic,0.0001,"(10,)",1000,COMPLETE
53,0.8217993079584776,2026-07-07 17:42:44.374400,2026-07-07 17:42:45.467083,0 days 00:00:01.092683,logistic,0.0001,"(10,)",1000,COMPLETE
54,0.8217993079584776,2026-07-07 17:42:45.467083,2026-07-07 17:42:46.594464,0 days 00:00:01.127381,logistic,0.0001,"(10,)",1000,COMPLETE
55,0.8217993079584776,2026-07-07 17:42:46.594464,2026-07-07 17:42:47.097232,0 days 00:00:00.502768,relu,0.0005,"(10,)",1000,COMPLETE
56,0.8217993079584776,2026-07-07 17:42:47.097232,2026-07-07 17:42:48.189554,0 days 00:00:01.092322,logistic,0.0001,"(10,)",1000,COMPLETE
57,0.8183391003460208,2026-07-07 17:42:48.189554,2026-07-07 17:42:48.348663,0 days 00:00:00.159109,relu,0.0005,"(10,)",200,COMPLETE
58,0.7993079584775087,2026-07-07 17:42:48.348663,2026-07-07 17:42:48.839926,0 days 00:00:00.491263,logistic,0.0001,"(5,)",1000,COMPLETE
59,0.8217993079584776,2026-07-07 17:42:48.839926,2026-07-07 17:42:49.331463,0 days 00:00:00.491537,relu,0.0005,"(10,)",1000,COMPLETE
60,0.8217993079584776,2026-07-07 17:42:49.331463,2026-07-07 17:42:50.423765,0 days 00:00:01.092302,logistic,0.0001,"(10,)",1000,COMPLETE
61,0.8217993079584776,2026-07-07 17:42:50.423765,2026-07-07 17:42:50.924631,0 days 00:00:00.500866,relu,0.0005,"(10,)",1000,COMPLETE
62,0.8217993079584776,2026-07-07 17:42:50.924631,2026-07-07 17:42:51.410134,0 days 00:00:00.485503,relu,0.0005,"(10,)",1000,COMPLETE
63,0.8217993079584776,2026-07-07 17:42:51.410134,2026-07-07 17:42:51.920190,0 days 00:00:00.510056,relu,0.0005,"(10,)",1000,COMPLETE
64,0.8217993079584776,2026-07-07 17:42:51.936260,2026-07-07 17:42:52.432310,0 days 00:00:00.496050,relu,0.0005,"(10,)",1000,COMPLETE
65,0.8217993079584776,2026-07-07 17:42:52.432310,2026-07-07 17:42:52.938062,0 days 00:00:00.505752,relu,0.0005,"(10,)",1000,COMPLETE
66,0.8217993079584776,2026-07-07 17:42:52.938062,2026-07-07 17:42:54.058426,0 days 00:00:01.120364,logistic,0.0005,"(10,)",1000,COMPLETE
67,0.8183391003460208,2026-07-07 17:42:54.058426,2026-07-07 17:42:54.202757,0 days 00:00:00.144331,relu,0.0001,"(10,)",200,COMPLETE
68,0.801038062283737,2026-07-07 17:42:54.202757,2026-07-07 17:42:54.762047,0 days 00:00:00.559290,tanh,0.0005,"(5,)",1000,COMPLETE
69,0.8217993079584776,2026-07-07 17:42:54.762047,2026-07-07 17:42:55.849043,0 days 00:00:01.086996,logistic,0.0001,"(10,)",1000,COMPLETE
70,0.8217993079584776,2026-07-07 17:42:55.849043,2026-07-07 17:42:56.343775,0 days 00:00:00.494732,relu,0.0005,"(10,)",1000,COMPLETE
71,0.8217993079584776,2026-07-07 17:42:56.343775,2026-07-07 17:42:57.430667,0 days 00:00:01.086892,logistic,0.0001,"(10,)",1000,COMPLETE
72,0.8217993079584776,2026-07-07 17:42:57.430667,2026-07-07 17:42:58.570020,0 days 00:00:01.139353,logistic,0.0001,"(10,)",1000,COMPLETE
73,0.8217993079584776,2026-07-07 17:42:58.570020,2026-07-07 17:42:59.680839,0 days 00:00:01.110819,logistic,0.0001,"(10,)",1000,COMPLETE
74,0.8217993079584776,2026-07-07 17:42:59.680839,2026-07-07 17:43:00.814360,0 days 00:00:01.133521,logistic,0.0001,"(10,)",1000,COMPLETE
75,0.8217993079584776,2026-07-07 17:43:00.814360,2026-07-07 17:43:01.915570,0 days 00:00:01.101210,logistic,0.0001,"(10,)",1000,COMPLETE
76,0.7993079584775087,2026-07-07 17:43:01.915570,2026-07-07 17:43:02.138444,0 days 00:00:00.222874,logistic,0.0005,"(10,)",200,COMPLETE
77,0.8217993079584776,2026-07-07 17:43:02.138444,2026-07-07 17:43:02.681490,0 days 00:00:00.543046,relu,0.0001,"(10,)",1000,COMPLETE
78,0.8217993079584776,2026-07-07 17:43:02.681490,2026-07-07 17:43:03.813522,0 days 00:00:01.132032,logistic,0.0005,"(10,)",1000,COMPLETE
79,0.801038062283737,2026-07-07 17:43:03.813522,2026-07-07 17:43:04.370860,0 days 00:00:00.557338,tanh,0.0001,"(5,)",1000,COMPLETE
80,0.8217993079584776,2026-07-07 17:43:04.370860,2026-07-07 17:43:05.493147,0 days 00:00:01.122287,logistic,0.0005,"(10,)",1000,COMPLETE
81,0.8217993079584776,2026-07-07 17:43:05.493147,2026-07-07 17:43:06.590021,0 days 00:00:01.096874,logistic,0.0001,"(10,)",1000,COMPLETE
82,0.8217993079584776,2026-07-07 17:43:06.590021,2026-07-07 17:43:07.739138,0 days 00:00:01.149117,logistic,0.0001,"(10,)",1000,COMPLETE
83,0.8217993079584776,2026-07-07 17:43:07.739138,2026-07-07 17:43:08.840520,0 days 00:00:01.101382,logistic,0.0001,"(10,)",1000,COMPLETE
84,0.8217993079584776,2026-07-07 17:43:08.840520,2026-07-07 17:43:09.989424,0 days 00:00:01.148904,logistic,0.0001,"(10,)",1000,COMPLETE
85,0.8217993079584776,2026-07-07 17:43:09.989424,2026-07-07 17:43:10.516160,0 days 00:00:00.526736,relu,0.0001,"(10,)",1000,COMPLETE
86,0.8217993079584776,2026-07-07 17:43:10.516160,2026-07-07 17:43:11.647721,0 days 00:00:01.131561,logistic,0.0001,"(10,)",1000,COMPLETE
87,0.8217993079584776,2026-07-07 17:43:11.647721,2026-07-07 17:43:12.796319,0 days 00:00:01.148598,logistic,0.0005,"(10,)",1000,COMPLETE
88,0.8183391003460208,2026-07-07 17:43:12.796319,2026-07-07 17:43:12.938117,0 days 00:00:00.141798,relu,0.0001,"(10,)",200,COMPLETE
89,0.8217993079584776,2026-07-07 17:43:12.938117,2026-07-07 17:43:14.040965,0 days 00:00:01.102848,logistic,0.0005,"(10,)",1000,COMPLETE
90,0.8183391003460208,2026-07-07 17:43:14.040965,2026-07-07 17:43:14.456463,0 days 00:00:00.415498,relu,0.0001,"(5,)",1000,COMPLETE
91,0.8217993079584776,2026-07-07 17:43:14.456463,2026-07-07 17:43:14.954305,0 days 00:00:00.497842,relu,0.0005,"(10,)",1000,COMPLETE
92,0.8217993079584776,2026-07-07 17:43:14.954305,2026-07-07 17:43:15.449412,0 days 00:00:00.495107,relu,0.0005,"(10,)",1000,COMPLETE
93,0.8217993079584776,2026-07-07 17:43:15.449412,2026-07-07 17:43:15.999806,0 days 00:00:00.550394,relu,0.0005,"(10,)",1000,COMPLETE
94,0.8217993079584776,2026-07-07 17:43:15.999806,2026-07-07 17:43:16.494881,0 days 00:00:00.495075,relu,0.0005,"(10,)",1000,COMPLETE
95,0.7975778546712803,2026-07-07 17:43:16.494881,2026-07-07 17:43:17.187934,0 days 00:00:00.693053,tanh,0.0005,"(10,)",1000,COMPLETE
96,0.8217993079584776,2026-07-07 17:43:17.187934,2026-07-07 17:43:18.328682,0 days 00:00:01.140748,logistic,0.0005,"(10,)",1000,COMPLETE
97,0.8217993079584776,2026-07-07 17:43:18.328682,2026-07-07 17:43:18.870672,0 days 00:00:00.541990,relu,0.0001,"(10,)",1000,COMPLETE
98,0.8217993079584776,2026-07-07 17:43:18.870672,2026-07-07 17:43:20.002879,0 days 00:00:01.132207,logistic,0.0005,"(10,)",1000,COMPLETE
99,0.8217993079584776,2026-07-07 17:43:20.002879,2026-07-07 17:43:20.544353,0 days 00:00:00.541474,relu,0.0001,"(10,)",1000,COMPLETE
100,0.7993079584775087,2026-07-07 17:43:20.544353,2026-07-07 17:43:20.767776,0 days 00:00:00.223423,logistic,0.0005,"(10,)",200,COMPLETE
101,0.8217993079584776,2026-07-07 17:43:20.767776,2026-07-07 17:43:21.295425,0 days 00:00:00.527649,relu,0.0005,"(10,)",1000,COMPLETE
102,0.8217993079584776,2026-07-07 17:43:21.295425,2026-07-07 17:43:21.824459,0 days 00:00:00.529034,relu,0.0005,"(10,)",1000,COMPLETE
103,0.8217993079584776,2026-07-07 17:43:21.824459,2026-07-07 17:43:22.349135,0 days 00:00:00.524676,relu,0.0005,"(10,)",1000,COMPLETE
104,0.8217993079584776,2026-07-07 17:43:22.349135,2026-07-07 17:43:22.844511,0 days 00:00:00.495376,relu,0.0005,"(10,)",1000,COMPLETE
105,0.8217993079584776,2026-07-07 17:43:22.844511,2026-07-07 17:43:23.355224,0 days 00:00:00.510713,relu,0.0005,"(10,)",1000,COMPLETE
106,0.8217993079584776,2026-07-07 17:43:23.355224,2026-07-07 17:43:24.472074,0 days 00:00:01.116850,logistic,0.0001,"(10,)",1000,COMPLETE
107,0.8131487889273357,2026-07-07 17:43:24.472074,2026-07-07 17:43:24.950489,0 days 00:00:00.478415,relu,0.0005,"(5,)",1000,COMPLETE
108,0.8217993079584776,2026-07-07 17:43:24.950489,2026-07-07 17:43:26.068653,0 days 00:00:01.118164,logistic,0.0001,"(10,)",1000,COMPLETE
109,0.7975778546712803,2026-07-07 17:43:26.068653,2026-07-07 17:43:26.769962,0 days 00:00:00.701309,tanh,0.0005,"(10,)",1000,COMPLETE
110,0.8217993079584776,2026-07-07 17:43:26.769962,2026-07-07 17:43:27.900234,0 days 00:00:01.130272,logistic,0.0001,"(10,)",1000,COMPLETE
111,0.8217993079584776,2026-07-07 17:43:27.900234,2026-07-07 17:43:29.030804,0 days 00:00:01.130570,logistic,0.0001,"(10,)",1000,COMPLETE
112,0.8217993079584776,2026-07-07 17:43:29.030804,2026-07-07 17:43:30.115503,0 days 00:00:01.084699,logistic,0.0001,"(10,)",1000,COMPLETE
113,0.8217993079584776,2026-07-07 17:43:30.115503,2026-07-07 17:43:31.248934,0 days 00:00:01.133431,logistic,0.0001,"(10,)",1000,COMPLETE
114,0.8217993079584776,2026-07-07 17:43:31.248934,2026-07-07 17:43:32.365035,0 days 00:00:01.116101,logistic,0.0001,"(10,)",1000,COMPLETE
115,0.8217993079584776,2026-07-07 17:43:32.365035,2026-07-07 17:43:33.482864,0 days 00:00:01.117829,logistic,0.0001,"(10,)",1000,COMPLETE
116,0.8217993079584776,2026-07-07 17:43:33.482864,2026-07-07 17:43:34.053718,0 days 00:00:00.570854,relu,0.0005,"(10,)",1000,COMPLETE
117,0.8217993079584776,2026-07-07 17:43:34.053718,2026-07-07 17:43:35.138201,0 days 00:00:01.084483,logistic,0.0001,"(10,)",1000,COMPLETE
118,0.8183391003460208,2026-07-07 17:43:35.138201,2026-07-07 17:43:35.284825,0 days 00:00:00.146624,relu,0.0005,"(10,)",200,COMPLETE
119,0.8217993079584776,2026-07-07 17:43:35.284825,2026-07-07 17:43:36.464969,0 days 00:00:01.180144,logistic,0.0001,"(10,)",1000,COMPLETE
120,0.8217993079584776,2026-07-07 17:43:36.464969,2026-07-07 17:43:37.614474,0 days 00:00:01.149505,logistic,0.0005,"(10,)",1000,COMPLETE
121,0.8217993079584776,2026-07-07 17:43:37.614474,2026-07-07 17:43:38.173038,0 days 00:00:00.558564,relu,0.0001,"(10,)",1000,COMPLETE
122,0.8217993079584776,2026-07-07 17:43:38.173038,2026-07-07 17:43:38.712832,0 days 00:00:00.539794,relu,0.0001,"(10,)",1000,COMPLETE
123,0.8217993079584776,2026-07-07 17:43:38.712832,2026-07-07 17:43:39.255700,0 days 00:00:00.542868,relu,0.0001,"(10,)",1000,COMPLETE
124,0.8217993079584776,2026-07-07 17:43:39.255700,2026-07-07 17:43:39.832566,0 days 00:00:00.576866,relu,0.0001,"(10,)",1000,COMPLETE
125,0.8217993079584776,2026-07-07 17:43:39.832566,2026-07-07 17:43:40.385323,0 days 00:00:00.552757,relu,0.0001,"(10,)",1000,COMPLETE
126,0.7993079584775087,2026-07-07 17:43:40.385323,2026-07-07 17:43:40.833391,0 days 00:00:00.448068,logistic,0.0001,"(5,)",1000,COMPLETE
127,0.8217993079584776,2026-07-07 17:43:40.833391,2026-07-07 17:43:41.360419,0 days 00:00:00.527028,relu,0.0005,"(10,)",1000,COMPLETE
128,0.8217993079584776,2026-07-07 17:43:41.360419,2026-07-07 17:43:42.462065,0 days 00:00:01.101646,logistic,0.0001,"(10,)",1000,COMPLETE
129,0.8217993079584776,2026-07-07 17:43:42.462065,2026-07-07 17:43:42.986917,0 days 00:00:00.524852,relu,0.0005,"(10,)",1000,COMPLETE
130,0.8217993079584776,2026-07-07 17:43:42.986917,2026-07-07 17:43:44.134899,0 days 00:00:01.147982,logistic,0.0001,"(10,)",1000,COMPLETE
131,0.8217993079584776,2026-07-07 17:43:44.134899,2026-07-07 17:43:44.645545,0 days 00:00:00.510646,relu,0.0005,"(10,)",1000,COMPLETE
132,0.8217993079584776,2026-07-07 17:43:44.645545,2026-07-07 17:43:45.139161,0 days 00:00:00.493616,relu,0.0005,"(10,)",1000,COMPLETE
133,0.8217993079584776,2026-07-07 17:43:45.139161,2026-07-07 17:43:45.679665,0 days 00:00:00.540504,relu,0.0005,"(10,)",1000,COMPLETE
134,0.8217993079584776,2026-07-07 17:43:45.679665,2026-07-07 17:43:46.190547,0 days 00:00:00.510882,relu,0.0005,"(10,)",1000,COMPLETE
135,0.7975778546712803,2026-07-07 17:43:46.190547,2026-07-07 17:43:46.861747,0 days 00:00:00.671200,tanh,0.0005,"(10,)",1000,COMPLETE
136,0.8183391003460208,2026-07-07 17:43:46.861747,2026-07-07 17:43:47.021257,0 days 00:00:00.159510,relu,0.0005,"(10,)",200,COMPLETE
137,0.8217993079584776,2026-07-07 17:43:47.021257,2026-07-07 17:43:48.153895,0 days 00:00:01.132638,logistic,0.0001,"(10,)",1000,COMPLETE
138,0.8217993079584776,2026-07-07 17:43:48.153895,2026-07-07 17:43:48.655832,0 days 00:00:00.501937,relu,0.0005,"(10,)",1000,COMPLETE
139,0.7993079584775087,2026-07-07 17:43:48.655832,2026-07-07 17:43:49.111111,0 days 00:00:00.455279,logistic,0.0001,"(5,)",1000,COMPLETE
140,0.8217993079584776,2026-07-07 17:43:49.111111,2026-07-07 17:43:49.604100,0 days 00:00:00.492989,relu,0.0005,"(10,)",1000,COMPLETE
141,0.8217993079584776,2026-07-07 17:43:49.620260,2026-07-07 17:43:50.145571,0 days 00:00:00.525311,relu,0.0005,"(10,)",1000,COMPLETE
142,0.8217993079584776,2026-07-07 17:43:50.145571,2026-07-07 17:43:50.640513,0 days 00:00:00.494942,relu,0.0005,"(10,)",1000,COMPLETE
143,0.8217993079584776,2026-07-07 17:43:50.640513,2026-07-07 17:43:51.150370,0 days 00:00:00.509857,relu,0.0005,"(10,)",1000,COMPLETE
144,0.8217993079584776,2026-07-07 17:43:51.150370,2026-07-07 17:43:51.683470,0 days 00:00:00.533100,relu,0.0005,"(10,)",1000,COMPLETE
145,0.8217993079584776,2026-07-07 17:43:51.683470,2026-07-07 17:43:52.794719,0 days 00:00:01.111249,logistic,0.0005,"(10,)",1000,COMPLETE
146,0.8217993079584776,2026-07-07 17:43:52.794719,2026-07-07 17:43:53.320393,0 days 00:00:00.525674,relu,0.0001,"(10,)",1000,COMPLETE
147,0.8217993079584776,2026-07-07 17:43:53.320393,2026-07-07 17:43:54.451986,0 days 00:00:01.131593,logistic,0.0005,"(10,)",1000,COMPLETE
148,0.8217993079584776,2026-07-07 17:43:54.451986,2026-07-07 17:43:54.992031,0 days 00:00:00.540045,relu,0.0001,"(10,)",1000,COMPLETE
149,0.8217993079584776,2026-07-07 17:43:54.992031,2026-07-07 17:43:56.094877,0 days 00:00:01.102846,logistic,0.0005,"(10,)",1000,COMPLETE
150,0.8217993079584776,2026-07-07 17:43:56.094877,2026-07-07 17:43:56.651689,0 days 00:00:00.556812,relu,0.0001,"(10,)",1000,COMPLETE
151,0.8217993079584776,2026-07-07 17:43:56.651689,2026-07-07 17:43:57.145934,0 days 00:00:00.494245,relu,0.0005,"(10,)",1000,COMPLETE
152,0.8217993079584776,2026-07-07 17:43:57.145934,2026-07-07 17:43:57.655385,0 days 00:00:00.509451,relu,0.0005,"(10,)",1000,COMPLETE
153,0.8217993079584776,2026-07-07 17:43:57.655385,2026-07-07 17:43:58.197083,0 days 00:00:00.541698,relu,0.0005,"(10,)",1000,COMPLETE
154,0.8217993079584776,2026-07-07 17:43:58.197083,2026-07-07 17:43:58.738774,0 days 00:00:00.541691,relu,0.0005,"(10,)",1000,COMPLETE
155,0.7975778546712803,2026-07-07 17:43:58.738774,2026-07-07 17:43:59.412927,0 days 00:00:00.674153,tanh,0.0005,"(10,)",1000,COMPLETE
156,0.7993079584775087,2026-07-07 17:43:59.412927,2026-07-07 17:43:59.637497,0 days 00:00:00.224570,logistic,0.0001,"(10,)",200,COMPLETE
157,0.8217993079584776,2026-07-07 17:43:59.637497,2026-07-07 17:44:00.188180,0 days 00:00:00.550683,relu,0.0005,"(10,)",1000,COMPLETE
158,0.8217993079584776,2026-07-07 17:44:00.188180,2026-07-07 17:44:01.351060,0 days 00:00:01.162880,logistic,0.0001,"(10,)",1000,COMPLETE
159,0.8217993079584776,2026-07-07 17:44:01.351060,2026-07-07 17:44:01.861909,0 days 00:00:00.510849,relu,0.0005,"(10,)",1000,COMPLETE
